#
# There is insufficient memory for the Java Runtime Environment to continue.
# Native memory allocation (malloc) failed to allocate 32744 bytes for ChunkPool::allocate
# Possible reasons:
#   The system is out of physical RAM or swap space
#   In 32 bit mode, the process size limit was hit
# Possible solutions:
#   Reduce memory load on the system
#   Increase physical memory or swap space
#   Check if swap backing store is full
#   Use 64 bit Java on a 64 bit OS
#   Decrease Java heap size (-Xmx/-Xms)
#   Decrease number of Java threads
#   Decrease Java thread stack sizes (-Xss)
#   Set larger code cache with -XX:ReservedCodeCacheSize=
# This output file may be truncated or incomplete.
#
#  Out of Memory Error (allocation.cpp:273), pid=4636, tid=0x0000000000000b30
#
# JRE version: Java(TM) SE Runtime Environment (8.0_171-b11) (build 1.8.0_171-b11)
# Java VM: Java HotSpot(TM) 64-Bit Server VM (25.171-b11 mixed mode windows-amd64 compressed oops)
# Failed to write core dump. Minidumps are not enabled by default on client versions of Windows
#

---------------  T H R E A D  ---------------

Current thread (0x0000000015d2b800):  JavaThread "C2 CompilerThread0" daemon [_thread_in_native, id=2864, stack(0x00000000176e0000,0x00000000177e0000)]

Stack: [0x00000000176e0000,0x00000000177e0000]
[error occurred during error reporting (printing stack bounds), id 0xc0000005]

Native frames: (J=compiled Java code, j=interpreted, Vv=VM code, C=native code)


Current CompileTask:
C2:   3458  415 %     4       com.sun.tools.javac.file.ZipFileIndex$ZipDirectory::readEntry @ 102 (587 bytes)


---------------  P R O C E S S  ---------------

Java Threads: ( => current thread )
  0x0000000017163800 JavaThread "Service Thread" daemon [_thread_blocked, id=10208, stack(0x00000000179e0000,0x0000000017ae0000)]
  0x00000000170f0000 JavaThread "C1 CompilerThread2" daemon [_thread_blocked, id=10252, stack(0x00000000178e0000,0x00000000179e0000)]
  0x0000000015d2e800 JavaThread "C2 CompilerThread1" daemon [_thread_blocked, id=13568, stack(0x00000000177e0000,0x00000000178e0000)]
=>0x0000000015d2b800 JavaThread "C2 CompilerThread0" daemon [_thread_in_native, id=2864, stack(0x00000000176e0000,0x00000000177e0000)]
  0x0000000015cdf800 JavaThread "Attach Listener" daemon [_thread_blocked, id=13808, stack(0x00000000175e0000,0x00000000176e0000)]
  0x00000000170e8800 JavaThread "Signal Dispatcher" daemon [_thread_blocked, id=7068, stack(0x00000000174e0000,0x00000000175e0000)]
  0x0000000015cba800 JavaThread "Finalizer" daemon [_thread_blocked, id=6068, stack(0x0000000016f50000,0x0000000017050000)]
  0x0000000003770000 JavaThread "Reference Handler" daemon [_thread_blocked, id=2664, stack(0x0000000016e50000,0x0000000016f50000)]
  0x000000000332e800 JavaThread "main" [_thread_blocked, id=15400, stack(0x0000000003180000,0x0000000003280000)]

Other Threads:
  0x0000000015c97800 VMThread [stack: 0x0000000016d50000,0x0000000016e50000] [id=12096]

VM state:at safepoint (normal execution)

VM Mutex/Monitor currently owned by a thread:  ([mutex/lock_event])
[0x000000000332cb90] Threads_lock - owner thread: 0x0000000015c97800

Heap:
 PSYoungGen      total 7680K, used 4854K [0x00000000eb800000, 0x00000000eca00000, 0x0000000100000000)
  eden space 6144K, 79% used [0x00000000eb800000,0x00000000ebcbdaf0,0x00000000ebe00000)
  from space 1536K, 0% used [0x00000000ebe00000,0x00000000ebe00000,0x00000000ebf80000)
  to   space 3072K, 0% used [0x00000000ec700000,0x00000000ec700000,0x00000000eca00000)
 ParOldGen       total 10240K, used 5487K [0x00000000c2800000, 0x00000000c3200000, 0x00000000eb800000)
  object space 10240K, 53% used [0x00000000c2800000,0x00000000c2d5bd08,0x00000000c3200000)
 Metaspace       used 8408K, capacity 8864K, committed 9088K, reserved 1056768K
  class space    used 1023K, capacity 1044K, committed 1152K, reserved 1048576K

Card table byte_map: [0x0000000012b40000,0x0000000012d30000] byte_map_base: 0x000000001252c000

Marking Bits: (ParMarkBitMap*) 0x00000000673308c0
 Begin Bits: [0x0000000013280000, 0x00000000141e0000)
 End Bits:   [0x00000000141e0000, 0x0000000015140000)

Polling page: 0x00000000019c0000

CodeCache: size=245760Kb used=2637Kb max_used=2644Kb free=243122Kb
 bounds [0x0000000003780000, 0x0000000003a20000, 0x0000000012780000]
 total_blobs=910 nmethods=611 adapters=211
 compilation: enabled

Compilation events (10 events):
Event: 3.298 Thread 0x00000000170f0000  608       3       java.lang.Integer::valueOf (32 bytes)
Event: 3.299 Thread 0x00000000170f0000 nmethod 608 0x0000000003a15490 code [0x0000000003a15600, 0x0000000003a15950]
Event: 3.300 Thread 0x00000000170f0000  609       3       java.util.ArrayList::isEmpty (13 bytes)
Event: 3.300 Thread 0x00000000170f0000 nmethod 609 0x0000000003a15110 code [0x0000000003a15260, 0x0000000003a15410]
Event: 3.308 Thread 0x00000000170f0000  610       3       com.sun.tools.javac.util.ListBuffer::toList (10 bytes)
Event: 3.309 Thread 0x00000000170f0000 nmethod 610 0x0000000003a14dd0 code [0x0000000003a14f20, 0x0000000003a15070]
Event: 3.309 Thread 0x00000000170f0000  611       3       java.net.URI$Parser::charAt (9 bytes)
Event: 3.310 Thread 0x00000000170f0000 nmethod 611 0x0000000003a14790 code [0x0000000003a14900, 0x0000000003a14c48]
Event: 3.310 Thread 0x00000000170f0000  612       3       java.net.URI::match (56 bytes)
Event: 3.310 Thread 0x00000000170f0000 nmethod 612 0x0000000003a14290 code [0x0000000003a14400, 0x0000000003a14710]

GC Heap History (10 events):
Event: 1.266 GC heap before
{Heap before GC invocations=4 (full 0):
 PSYoungGen      total 2048K, used 2039K [0x00000000eb800000, 0x00000000ebc00000, 0x0000000100000000)
  eden space 1536K, 99% used [0x00000000eb800000,0x00000000eb97f670,0x00000000eb980000)
  from space 512K, 98% used [0x00000000eb980000,0x00000000eb9fe620,0x00000000eba00000)
  to   space 512K, 0% used [0x00000000ebb80000,0x00000000ebb80000,0x00000000ebc00000)
 ParOldGen       total 5632K, used 736K [0x00000000c2800000, 0x00000000c2d80000, 0x00000000eb800000)
  object space 5632K, 13% used [0x00000000c2800000,0x00000000c28b8030,0x00000000c2d80000)
 Metaspace       used 5111K, capacity 6224K, committed 6400K, reserved 1056768K
  class space    used 622K, capacity 652K, committed 768K, reserved 1048576K
Event: 1.269 GC heap after
Heap after GC invocations=4 (full 0):
 PSYoungGen      total 3584K, used 504K [0x00000000eb800000, 0x00000000ebc00000, 0x0000000100000000)
  eden space 3072K, 0% used [0x00000000eb800000,0x00000000eb800000,0x00000000ebb00000)
  from space 512K, 98% used [0x00000000ebb80000,0x00000000ebbfe230,0x00000000ebc00000)
  to   space 512K, 0% used [0x00000000ebb00000,0x00000000ebb00000,0x00000000ebb80000)
 ParOldGen       total 5632K, used 792K [0x00000000c2800000, 0x00000000c2d80000, 0x00000000eb800000)
  object space 5632K, 14% used [0x00000000c2800000,0x00000000c28c6050,0x00000000c2d80000)
 Metaspace       used 5111K, capacity 6224K, committed 6400K, reserved 1056768K
  class space    used 622K, capacity 652K, committed 768K, reserved 1048576K
}
Event: 1.640 GC heap before
{Heap before GC invocations=5 (full 0):
 PSYoungGen      total 3584K, used 3576K [0x00000000eb800000, 0x00000000ebc00000, 0x0000000100000000)
  eden space 3072K, 100% used [0x00000000eb800000,0x00000000ebb00000,0x00000000ebb00000)
  from space 512K, 98% used [0x00000000ebb80000,0x00000000ebbfe230,0x00000000ebc00000)
  to   space 512K, 0% used [0x00000000ebb00000,0x00000000ebb00000,0x00000000ebb80000)
 ParOldGen       total 5632K, used 792K [0x00000000c2800000, 0x00000000c2d80000, 0x00000000eb800000)
  object space 5632K, 14% used [0x00000000c2800000,0x00000000c28c6050,0x00000000c2d80000)
 Metaspace       used 6194K, capacity 7220K, committed 7552K, reserved 1056768K
  class space    used 770K, capacity 816K, committed 896K, reserved 1048576K
Event: 1.643 GC heap after
Heap after GC invocations=5 (full 0):
 PSYoungGen      total 3584K, used 505K [0x00000000eb800000, 0x00000000ec100000, 0x0000000100000000)
  eden space 3072K, 0% used [0x00000000eb800000,0x00000000eb800000,0x00000000ebb00000)
  from space 512K, 98% used [0x00000000ebb00000,0x00000000ebb7e620,0x00000000ebb80000)
  to   space 1536K, 0% used [0x00000000ebf80000,0x00000000ebf80000,0x00000000ec100000)
 ParOldGen       total 5632K, used 1104K [0x00000000c2800000, 0x00000000c2d80000, 0x00000000eb800000)
  object space 5632K, 19% used [0x00000000c2800000,0x00000000c2914050,0x00000000c2d80000)
 Metaspace       used 6194K, capacity 7220K, committed 7552K, reserved 1056768K
  class space    used 770K, capacity 816K, committed 896K, reserved 1048576K
}
Event: 2.021 GC heap before
{Heap before GC invocations=6 (full 0):
 PSYoungGen      total 3584K, used 3393K [0x00000000eb800000, 0x00000000ec100000, 0x0000000100000000)
  eden space 3072K, 94% used [0x00000000eb800000,0x00000000ebad20e8,0x00000000ebb00000)
  from space 512K, 98% used [0x00000000ebb00000,0x00000000ebb7e620,0x00000000ebb80000)
  to   space 1536K, 0% used [0x00000000ebf80000,0x00000000ebf80000,0x00000000ec100000)
 ParOldGen       total 5632K, used 1104K [0x00000000c2800000, 0x00000000c2d80000, 0x00000000eb800000)
  object space 5632K, 19% used [0x00000000c2800000,0x00000000c2914050,0x00000000c2d80000)
 Metaspace       used 7301K, capacity 8084K, committed 8448K, reserved 1056768K
  class space    used 887K, capacity 912K, committed 1024K, reserved 1048576K
Event: 2.029 GC heap after
Heap after GC invocations=6 (full 0):
 PSYoungGen      total 7680K, used 1201K [0x00000000eb800000, 0x00000000ec100000, 0x0000000100000000)
  eden space 6144K, 0% used [0x00000000eb800000,0x00000000eb800000,0x00000000ebe00000)
  from space 1536K, 78% used [0x00000000ebf80000,0x00000000ec0ac760,0x00000000ec100000)
  to   space 1536K, 0% used [0x00000000ebe00000,0x00000000ebe00000,0x00000000ebf80000)
 ParOldGen       total 5632K, used 1112K [0x00000000c2800000, 0x00000000c2d80000, 0x00000000eb800000)
  object space 5632K, 19% used [0x00000000c2800000,0x00000000c2916050,0x00000000c2d80000)
 Metaspace       used 7301K, capacity 8084K, committed 8448K, reserved 1056768K
  class space    used 887K, capacity 912K, committed 1024K, reserved 1048576K
}
Event: 2.254 GC heap before
{Heap before GC invocations=7 (full 0):
 PSYoungGen      total 7680K, used 7345K [0x00000000eb800000, 0x00000000ec100000, 0x0000000100000000)
  eden space 6144K, 100% used [0x00000000eb800000,0x00000000ebe00000,0x00000000ebe00000)
  from space 1536K, 78% used [0x00000000ebf80000,0x00000000ec0ac760,0x00000000ec100000)
  to   space 1536K, 0% used [0x00000000ebe00000,0x00000000ebe00000,0x00000000ebf80000)
 ParOldGen       total 5632K, used 1112K [0x00000000c2800000, 0x00000000c2d80000, 0x00000000eb800000)
  object space 5632K, 19% used [0x00000000c2800000,0x00000000c2916050,0x00000000c2d80000)
 Metaspace       used 7327K, capacity 8084K, committed 8448K, reserved 1056768K
  class space    used 887K, capacity 912K, committed 1024K, reserved 1048576K
Event: 2.272 GC heap after
Heap after GC invocations=7 (full 0):
 PSYoungGen      total 7680K, used 1511K [0x00000000eb800000, 0x00000000eca00000, 0x0000000100000000)
  eden space 6144K, 0% used [0x00000000eb800000,0x00000000eb800000,0x00000000ebe00000)
  from space 1536K, 98% used [0x00000000ebe00000,0x00000000ebf79e48,0x00000000ebf80000)
  to   space 3072K, 0% used [0x00000000ec700000,0x00000000ec700000,0x00000000eca00000)
 ParOldGen       total 5632K, used 4103K [0x00000000c2800000, 0x00000000c2d80000, 0x00000000eb800000)
  object space 5632K, 72% used [0x00000000c2800000,0x00000000c2c01e50,0x00000000c2d80000)
 Metaspace       used 7327K, capacity 8084K, committed 8448K, reserved 1056768K
  class space    used 887K, capacity 912K, committed 1024K, reserved 1048576K
}
Event: 2.272 GC heap before
{Heap before GC invocations=8 (full 1):
 PSYoungGen      total 7680K, used 1511K [0x00000000eb800000, 0x00000000eca00000, 0x0000000100000000)
  eden space 6144K, 0% used [0x00000000eb800000,0x00000000eb800000,0x00000000ebe00000)
  from space 1536K, 98% used [0x00000000ebe00000,0x00000000ebf79e48,0x00000000ebf80000)
  to   space 3072K, 0% used [0x00000000ec700000,0x00000000ec700000,0x00000000eca00000)
 ParOldGen       total 5632K, used 4103K [0x00000000c2800000, 0x00000000c2d80000, 0x00000000eb800000)
  object space 5632K, 72% used [0x00000000c2800000,0x00000000c2c01e50,0x00000000c2d80000)
 Metaspace       used 7327K, capacity 8084K, committed 8448K, reserved 1056768K
  class space    used 887K, capacity 912K, committed 1024K, reserved 1048576K
Event: 2.406 GC heap after
Heap after GC invocations=8 (full 1):
 PSYoungGen      total 7680K, used 0K [0x00000000eb800000, 0x00000000eca00000, 0x0000000100000000)
  eden space 6144K, 0% used [0x00000000eb800000,0x00000000eb800000,0x00000000ebe00000)
  from space 1536K, 0% used [0x00000000ebe00000,0x00000000ebe00000,0x00000000ebf80000)
  to   space 3072K, 0% used [0x00000000ec700000,0x00000000ec700000,0x00000000eca00000)
 ParOldGen       total 10240K, used 5487K [0x00000000c2800000, 0x00000000c3200000, 0x00000000eb800000)
  object space 10240K, 53% used [0x00000000c2800000,0x00000000c2d5bd08,0x00000000c3200000)
 Metaspace       used 7327K, capacity 8084K, committed 8448K, reserved 1056768K
  class space    used 887K, capacity 912K, committed 1024K, reserved 1048576K
}

Deoptimization events (10 events):
Event: 1.815 Thread 0x000000000332e800 Uncommon trap: reason=class_check action=maybe_recompile pc=0x00000000039218a4 method=sun.misc.URLClassPath.getLoader(I)Lsun/misc/URLClassPath$Loader; @ 94
Event: 1.815 Thread 0x000000000332e800 Uncommon trap: reason=unstable_if action=reinterpret pc=0x0000000003925170 method=java.lang.String.indexOf([CII[CIII)I @ 134
Event: 1.882 Thread 0x000000000332e800 Uncommon trap: reason=unstable_if action=reinterpret pc=0x00000000039307b8 method=java.lang.String.<init>([CII)V @ 18
Event: 2.849 Thread 0x000000000332e800 Uncommon trap: reason=unstable_if action=reinterpret pc=0x000000000391c778 method=sun.misc.MetaIndex.mayContain(Ljava/lang/String;)Z @ 38
Event: 2.891 Thread 0x000000000332e800 Uncommon trap: reason=unstable_if action=reinterpret pc=0x000000000390f480 method=sun.misc.MetaIndex.mayContain(Ljava/lang/String;)Z @ 38
Event: 3.055 Thread 0x000000000332e800 Uncommon trap: reason=class_check action=maybe_recompile pc=0x00000000039cc6a4 method=java.util.HashMap.putVal(ILjava/lang/Object;Ljava/lang/Object;ZZ)Ljava/lang/Object; @ 253
Event: 3.061 Thread 0x000000000332e800 Uncommon trap: reason=class_check action=maybe_recompile pc=0x00000000039cc6a4 method=java.util.HashMap.putVal(ILjava/lang/Object;Ljava/lang/Object;ZZ)Ljava/lang/Object; @ 253
Event: 3.066 Thread 0x000000000332e800 Uncommon trap: reason=class_check action=maybe_recompile pc=0x00000000039cc6a4 method=java.util.HashMap.putVal(ILjava/lang/Object;Ljava/lang/Object;ZZ)Ljava/lang/Object; @ 253
Event: 3.262 Thread 0x000000000332e800 Uncommon trap: reason=class_check action=maybe_recompile pc=0x00000000039cc6a4 method=java.util.HashMap.putVal(ILjava/lang/Object;Ljava/lang/Object;ZZ)Ljava/lang/Object; @ 253
Event: 3.275 Thread 0x000000000332e800 Uncommon trap: reason=class_check action=maybe_recompile pc=0x00000000039d516c method=java.util.HashMap.putVal(ILjava/lang/Object;Ljava/lang/Object;ZZ)Ljava/lang/Object; @ 253

Classes redefined (0 events):
No events

Internal exceptions (10 events):
Event: 0.157 Thread 0x000000000332e800 Exception <a 'java/lang/NoSuchMethodError': Method sun.misc.Unsafe.defineClass(Ljava/lang/String;[BII)Ljava/lang/Class; name or signature does not match> (0x00000000eb807cd8) thrown at [C:\re\workspace\8-2-build-windows-amd64-cygwin\jdk8u171\10807\hotspot
Event: 0.157 Thread 0x000000000332e800 Exception <a 'java/lang/NoSuchMethodError': Method sun.misc.Unsafe.prefetchRead(Ljava/lang/Object;J)V name or signature does not match> (0x00000000eb807fc0) thrown at [C:\re\workspace\8-2-build-windows-amd64-cygwin\jdk8u171\10807\hotspot\src\share\vm\prim
Event: 0.620 Thread 0x000000000332e800 Exception <a 'java/security/PrivilegedActionException'> (0x00000000eb847010) thrown at [C:\re\workspace\8-2-build-windows-amd64-cygwin\jdk8u171\10807\hotspot\src\share\vm\prims\jvm.cpp, line 1435]
Event: 0.620 Thread 0x000000000332e800 Exception <a 'java/security/PrivilegedActionException'> (0x00000000eb847408) thrown at [C:\re\workspace\8-2-build-windows-amd64-cygwin\jdk8u171\10807\hotspot\src\share\vm\prims\jvm.cpp, line 1435]
Event: 0.629 Thread 0x000000000332e800 Exception <a 'java/security/PrivilegedActionException'> (0x00000000eb84b500) thrown at [C:\re\workspace\8-2-build-windows-amd64-cygwin\jdk8u171\10807\hotspot\src\share\vm\prims\jvm.cpp, line 1435]
Event: 0.629 Thread 0x000000000332e800 Exception <a 'java/security/PrivilegedActionException'> (0x00000000eb84b8f8) thrown at [C:\re\workspace\8-2-build-windows-amd64-cygwin\jdk8u171\10807\hotspot\src\share\vm\prims\jvm.cpp, line 1435]
Event: 0.641 Thread 0x000000000332e800 Exception <a 'java/security/PrivilegedActionException'> (0x00000000eb880c08) thrown at [C:\re\workspace\8-2-build-windows-amd64-cygwin\jdk8u171\10807\hotspot\src\share\vm\prims\jvm.cpp, line 1435]
Event: 0.641 Thread 0x000000000332e800 Exception <a 'java/security/PrivilegedActionException'> (0x00000000eb881000) thrown at [C:\re\workspace\8-2-build-windows-amd64-cygwin\jdk8u171\10807\hotspot\src\share\vm\prims\jvm.cpp, line 1435]
Event: 2.197 Thread 0x000000000332e800 Exception <a 'java/io/FileNotFoundException'> (0x00000000ebc0d3b8) thrown at [C:\re\workspace\8-2-build-windows-amd64-cygwin\jdk8u171\10807\hotspot\src\share\vm\prims\jni.cpp, line 709]
Event: 2.210 Thread 0x000000000332e800 Exception <a 'java/io/FileNotFoundException'> (0x00000000ebc65098) thrown at [C:\re\workspace\8-2-build-windows-amd64-cygwin\jdk8u171\10807\hotspot\src\share\vm\prims\jni.cpp, line 709]

Events (10 events):
Event: 3.338 loading class java/util/WeakHashMap$HashIterator
Event: 3.338 loading class java/util/WeakHashMap$HashIterator done
Event: 3.338 loading class java/util/WeakHashMap$KeyIterator done
Event: 3.339 loading class com/sun/tools/javac/main/Main$Result
Event: 3.339 loading class com/sun/tools/javac/main/Main$Result done
Event: 3.340 loading class java/lang/Shutdown
Event: 3.341 loading class java/lang/Shutdown done
Event: 3.341 loading class java/lang/Shutdown$Lock
Event: 3.341 loading class java/lang/Shutdown$Lock done
Event: 3.342 Executing VM operation: Exit


Dynamic libraries:
0x00007ff788a60000 - 0x00007ff788a67000 	C:\Program Files\Java\jdk1.8.0_171\bin\javac.exe
0x00007ff9943f0000 - 0x00007ff9945d1000 	C:\WINDOWS\SYSTEM32\ntdll.dll
0x00007ff9926f0000 - 0x00007ff9927a2000 	C:\WINDOWS\System32\KERNEL32.DLL
0x00007ff9907c0000 - 0x00007ff990a33000 	C:\WINDOWS\System32\KERNELBASE.dll
0x0000000066a10000 - 0x0000000066a3f000 	C:\Program Files\Java\jdk1.8.0_171\bin\jli.dll
0x00007ff9927b0000 - 0x00007ff992851000 	C:\WINDOWS\System32\ADVAPI32.dll
0x00007ff994160000 - 0x00007ff9941fe000 	C:\WINDOWS\System32\msvcrt.dll
0x00007ff991a80000 - 0x00007ff991adb000 	C:\WINDOWS\System32\sechost.dll
0x00007ff993eb0000 - 0x00007ff993fd4000 	C:\WINDOWS\System32\RPCRT4.dll
0x00007ff992490000 - 0x00007ff992620000 	C:\WINDOWS\System32\USER32.dll
0x00007ff991860000 - 0x00007ff991880000 	C:\WINDOWS\System32\win32u.dll
0x00007ff991af0000 - 0x00007ff991b18000 	C:\WINDOWS\System32\GDI32.dll
0x00007ff991330000 - 0x00007ff9914c2000 	C:\WINDOWS\System32\gdi32full.dll
0x00000000667f0000 - 0x00000000668c2000 	C:\Program Files\Java\jdk1.8.0_171\bin\MSVCR100.dll
0x00007ff9917c0000 - 0x00007ff99185f000 	C:\WINDOWS\System32\msvcp_win.dll
0x00007ff9916c0000 - 0x00007ff9917b8000 	C:\WINDOWS\System32\ucrtbase.dll
0x00007ff985450000 - 0x00007ff9856b9000 	C:\WINDOWS\WinSxS\amd64_microsoft.windows.common-controls_6595b64144ccf1df_6.0.17134.648_none_fb45a0e93062a6d2\COMCTL32.dll
0x00007ff991f70000 - 0x00007ff992292000 	C:\WINDOWS\System32\combase.dll
0x00007ff990a40000 - 0x00007ff990aba000 	C:\WINDOWS\System32\bcryptPrimitives.dll
0x00007ff9940c0000 - 0x00007ff9940ed000 	C:\WINDOWS\System32\IMM32.DLL
0x00000000673b0000 - 0x0000000067482000 	C:\Program Files\Java\jdk1.8.0_171\jre\bin\msvcr100.dll
0x0000000066b10000 - 0x00000000673b0000 	C:\Program Files\Java\jdk1.8.0_171\jre\bin\server\jvm.dll
0x00007ff993d20000 - 0x00007ff993d28000 	C:\WINDOWS\System32\PSAPI.DLL
0x00007ff98e2e0000 - 0x00007ff98e303000 	C:\WINDOWS\SYSTEM32\WINMM.dll
0x00007ff980620000 - 0x00007ff98062a000 	C:\WINDOWS\SYSTEM32\VERSION.dll
0x00007ff98e2b0000 - 0x00007ff98e2da000 	C:\WINDOWS\SYSTEM32\WINMMBASE.dll
0x00007ff9912e0000 - 0x00007ff991329000 	C:\WINDOWS\System32\cfgmgr32.dll
0x00007ff9804d0000 - 0x00007ff9804d9000 	C:\WINDOWS\SYSTEM32\WSOCK32.dll
0x00007ff9940f0000 - 0x00007ff99415c000 	C:\WINDOWS\System32\WS2_32.dll
0x0000000066b00000 - 0x0000000066b0f000 	C:\Program Files\Java\jdk1.8.0_171\jre\bin\verify.dll
0x0000000066ad0000 - 0x0000000066af9000 	C:\Program Files\Java\jdk1.8.0_171\jre\bin\java.dll
0x0000000066ab0000 - 0x0000000066ac6000 	C:\Program Files\Java\jdk1.8.0_171\jre\bin\zip.dll
0x00007ff992860000 - 0x00007ff993ca0000 	C:\WINDOWS\System32\SHELL32.dll
0x00007ff994010000 - 0x00007ff9940b9000 	C:\WINDOWS\System32\shcore.dll
0x00007ff990bd0000 - 0x00007ff9912dd000 	C:\WINDOWS\System32\windows.storage.dll
0x00007ff994200000 - 0x00007ff994251000 	C:\WINDOWS\System32\shlwapi.dll
0x00007ff9907a0000 - 0x00007ff9907b1000 	C:\WINDOWS\System32\kernel.appcore.dll
0x00007ff990780000 - 0x00007ff99079f000 	C:\WINDOWS\System32\profapi.dll
0x00007ff990720000 - 0x00007ff99076c000 	C:\WINDOWS\System32\powrprof.dll
0x00007ff990770000 - 0x00007ff99077a000 	C:\WINDOWS\System32\FLTLIB.DLL

VM Arguments:
jvm_args: -Dapplication.home=C:\Program Files\Java\jdk1.8.0_171 -Xms8m 
java_command: com.sun.tools.javac.Main PokemonLauncher.java
java_class_path (initial): C:\Program Files\Java\jdk1.8.0_171/lib/tools.jar;C:\Program Files\Java\jdk1.8.0_171/classes
Launcher Type: SUN_STANDARD

Environment Variables:
PATH=C:\Program Files (x86)\Common Files\Oracle\Java\javapath;C:\ProgramData\Oracle\Java\javapath;C:\python27;C:\WINDOWS\system32;C:\WINDOWS;C:\WINDOWS\System32\Wbem;C:\WINDOWS\System32\WindowsPowerShell\v1.0\;C:\Program Files (x86)\Windows Live\Shared;C:\Program Files\Git\cmd;C:\WINDOWS\System32\OpenSSH\;C:\Program Files\PuTTY\;C:\Program Files\Microsoft VS Code\bin;C:\Program Files\Java\jdk1.8.0_171\bin;%USERPROFILE%\AppData\Local\Microsoft\WindowsApps;
USERNAME=¹Î¿ì
OS=Windows_NT
PROCESSOR_IDENTIFIER=Intel64 Family 6 Model 58 Stepping 9, GenuineIntel



---------------  S Y S T E M  ---------------

OS: Windows 10.0 , 64 bit Build 17134 (10.0.17134.648)

CPU:total 4 (initial active 4) (2 cores per cpu, 2 threads per core) family 6 model 58 stepping 9, cmov, cx8, fxsr, mmx, sse, sse2, sse3, ssse3, sse4.1, sse4.2, popcnt, avx, clmul, erms, ht, tsc, tscinvbit, tscinv

Memory: 4k page, physical 4024712k(576532k free), swap 5445000k(9924k free)

vm_info: Java HotSpot(TM) 64-Bit Server VM (25.171-b11) for windows-amd64 JRE (1.8.0_171-b11), built on Mar 28 2018 16:06:12 by "java_re" with MS VC++ 10.0 (VS2010)

time: Tue Mar 26 13:53:33 2019
elapsed time: 3 seconds (0d 0h 0m 3s)

